{
  "uuid": "b24c35cf-bbbf-4be2-8612-6560bbc5b77b",
  "historyId": "a8f66a240ab2aa5931f22beb250d0bef",
  "testCaseId": "a2fab2e557adf46f13ca169eeb92c723",
  "fullName": "PlayWrightSpecFlow/Features/TextBox/a TextBox Submit User Details (failing this scennario intentionally for testing purpose)",
  "labels": [
    {
      "name": "thread",
      "value": "ParallelWorker#3"
    },
    {
      "name": "host",
      "value": "vmAVD-H-P-13"
    },
    {
      "name": "language",
      "value": "C#"
    },
    {
      "name": "framework",
      "value": "SpecFlow"
    },
    {
      "name": "feature",
      "value": "TextBox"
    }
  ],
  "links": [],
  "name": "a TextBox Submit User Details (failing this scennario intentionally for testing purpose)",
  "status": "failed",
  "statusDetails": {
    "known": false,
    "muted": false,
    "flaky": false,
    "message": "Locator expected to have text 'Name:testFullName1'\nBut was: 'Name:testFullName' \nCall log:\n  - LocatorAssertions.ToHaveTextAsync with timeout 5000ms\n  - waiting for Locator(\"#name\")\n  -   locator resolved to <p id=\"name\" class=\"mb-1\">Name:testFullName</p>\n  -   unexpected value \"Name:testFullName\"\n  -   locator resolved to <p id=\"name\" class=\"mb-1\">Name:testFullName</p>\n  -   unexpected value \"Name:testFullName\"\n  -   locator resolved to <p id=\"name\" class=\"mb-1\">Name:testFullName</p>\n  -   unexpected value \"Name:testFullName\"\n  -   locator resolved to <p id=\"name\" class=\"mb-1\">Name:testFullName</p>\n  -   unexpected value \"Name:testFullName\"\n  -   locator resolved to <p id=\"name\" class=\"mb-1\">Name:testFullName</p>\n  -   unexpected value \"Name:testFullName\"\n  -   locator resolved to <p id=\"name\" class=\"mb-1\">Name:testFullName</p>\n  -   unexpected value \"Name:testFullName\"\n  -   locator resolved to <p id=\"name\" class=\"mb-1\">Name:testFullName</p>\n  -   unexpected value \"Name:testFullName\"\n  -   locator resolved to <p id=\"name\" class=\"mb-1\">Name:testFullName</p>\n  -   unexpected value \"Name:testFullName\"\n  -   locator resolved to <p id=\"name\" class=\"mb-1\">Name:testFullName</p>\n  -   unexpected value \"Name:testFullName\"",
    "trace": "Microsoft.Playwright.PlaywrightException: Locator expected to have text 'Name:testFullName1'\nBut was: 'Name:testFullName' \nCall log:\n  - LocatorAssertions.ToHaveTextAsync with timeout 5000ms\n  - waiting for Locator(\"#name\")\n  -   locator resolved to <p id=\"name\" class=\"mb-1\">Name:testFullName</p>\n  -   unexpected value \"Name:testFullName\"\n  -   locator resolved to <p id=\"name\" class=\"mb-1\">Name:testFullName</p>\n  -   unexpected value \"Name:testFullName\"\n  -   locator resolved to <p id=\"name\" class=\"mb-1\">Name:testFullName</p>\n  -   unexpected value \"Name:testFullName\"\n  -   locator resolved to <p id=\"name\" class=\"mb-1\">Name:testFullName</p>\n  -   unexpected value \"Name:testFullName\"\n  -   locator resolved to <p id=\"name\" class=\"mb-1\">Name:testFullName</p>\n  -   unexpected value \"Name:testFullName\"\n  -   locator resolved to <p id=\"name\" class=\"mb-1\">Name:testFullName</p>\n  -   unexpected value \"Name:testFullName\"\n  -   locator resolved to <p id=\"name\" class=\"mb-1\">Name:testFullName</p>\n  -   unexpected value \"Name:testFullName\"\n  -   locator resolved to <p id=\"name\" class=\"mb-1\">Name:testFullName</p>\n  -   unexpected value \"Name:testFullName\"\n  -   locator resolved to <p id=\"name\" class=\"mb-1\">Name:testFullName</p>\n  -   unexpected value \"Name:testFullName\"\r\n   at Microsoft.Playwright.Core.AssertionsBase.ExpectImplAsync(String expression, FrameExpectOptions expectOptions, Object expected, String message) in /_/src/Playwright/Core/AssertionsBase.cs:line 86\r\n   at Microsoft.Playwright.Core.AssertionsBase.ExpectImplAsync(String expression, ExpectedTextValue[] expectedText, Object expected, String message, FrameExpectOptions options) in /_/src/Playwright/Core/AssertionsBase.cs:line 64\r\n   at Microsoft.Playwright.Core.AssertionsBase.ExpectImplAsync(String expression, ExpectedTextValue textValue, Object expected, String message, FrameExpectOptions options) in /_/src/Playwright/Core/AssertionsBase.cs:line 56\r\n   at PlayWrightSpecFlow.Pages.TextBoxPage.VerifySubmitButtonClicked(String name) in C:\\Users\\kishor.sharma\\Source\\Repos\\PlayWrightSpecFlow\\Pages\\TextBoxPage.cs:line 31\r\n   at PlayWrightSpecFlow.StepDefinitions.TextBoxStepDefinitions.ThenFormShouldBeNotSubmitted() in C:\\Users\\kishor.sharma\\Source\\Repos\\PlayWrightSpecFlow\\StepDefinitions\\TextBoxStepDefinitions.cs:line 47\r\n   at TechTalk.SpecFlow.Bindings.SynchronousBindingDelegateInvoker.<>c__DisplayClass2_0.<<InvokeBindingDelegateAsync>b__0>d.MoveNext()\r\n--- End of stack trace from previous location ---\r\n   at TechTalk.SpecFlow.Bindings.AsyncHelpers.<>c__DisplayClass1_0`1.<<RunSync>b__0>d.MoveNext()\r\n--- End of stack trace from previous location ---\r\n   at TechTalk.SpecFlow.Bindings.AsyncHelpers.ExclusiveSynchronizationContext.BeginMessageLoop()\r\n   at TechTalk.SpecFlow.Bindings.AsyncHelpers.RunSync[T](Func`1 task)\r\n   at TechTalk.SpecFlow.Bindings.SynchronousBindingDelegateInvoker.InvokeBindingDelegateAsync(Delegate bindingDelegate, Object[] invokeArgs)\r\n   at TechTalk.SpecFlow.Bindings.SynchronousBindingDelegateInvoker.InvokeDelegateSynchronously(Delegate bindingDelegate, Object[] invokeArgs)\r\n   at TechTalk.SpecFlow.Bindings.BindingInvoker.InvokeBinding(IBinding binding, IContextManager contextManager, Object[] arguments, ITestTracer testTracer, TimeSpan& duration)\r\n   at Allure.SpecFlowPlugin.AllureBindingInvoker.InvokeBinding(IBinding binding, IContextManager contextManager, Object[] arguments, ITestTracer testTracer, TimeSpan& duration)\r\n   at TechTalk.SpecFlow.Infrastructure.TestExecutionEngine.ExecuteStepMatch(BindingMatch match, Object[] arguments, TimeSpan& duration)\r\n   at TechTalk.SpecFlow.Infrastructure.TestExecutionEngine.ExecuteStep(IContextManager contextManager, StepInstance stepInstance)"
  },
  "stage": "finished",
  "steps": [
    {
      "name": "Given  I am on the TextBox page",
      "status": "passed",
      "statusDetails": {
        "known": false,
        "muted": false,
        "flaky": false
      },
      "stage": "finished",
      "steps": [],
      "attachments": [],
      "parameters": [],
      "start": 1711000019127,
      "stop": 1711000021655
    },
    {
      "name": "And  I enter valid detais",
      "status": "passed",
      "statusDetails": {
        "known": false,
        "muted": false,
        "flaky": false
      },
      "stage": "finished",
      "steps": [],
      "attachments": [],
      "parameters": [],
      "start": 1711000021665,
      "stop": 1711000026641
    },
    {
      "name": "When  I click Submit",
      "status": "passed",
      "statusDetails": {
        "known": false,
        "muted": false,
        "flaky": false
      },
      "stage": "finished",
      "steps": [],
      "attachments": [],
      "parameters": [],
      "start": 1711000026642,
      "stop": 1711000027770
    },
    {
      "name": "Then  form should be Not submitted",
      "status": "failed",
      "statusDetails": {
        "known": false,
        "muted": false,
        "flaky": false,
        "message": "Locator expected to have text 'Name:testFullName1'\nBut was: 'Name:testFullName' \nCall log:\n  - LocatorAssertions.ToHaveTextAsync with timeout 5000ms\n  - waiting for Locator(\"#name\")\n  -   locator resolved to <p id=\"name\" class=\"mb-1\">Name:testFullName</p>\n  -   unexpected value \"Name:testFullName\"\n  -   locator resolved to <p id=\"name\" class=\"mb-1\">Name:testFullName</p>\n  -   unexpected value \"Name:testFullName\"\n  -   locator resolved to <p id=\"name\" class=\"mb-1\">Name:testFullName</p>\n  -   unexpected value \"Name:testFullName\"\n  -   locator resolved to <p id=\"name\" class=\"mb-1\">Name:testFullName</p>\n  -   unexpected value \"Name:testFullName\"\n  -   locator resolved to <p id=\"name\" class=\"mb-1\">Name:testFullName</p>\n  -   unexpected value \"Name:testFullName\"\n  -   locator resolved to <p id=\"name\" class=\"mb-1\">Name:testFullName</p>\n  -   unexpected value \"Name:testFullName\"\n  -   locator resolved to <p id=\"name\" class=\"mb-1\">Name:testFullName</p>\n  -   unexpected value \"Name:testFullName\"\n  -   locator resolved to <p id=\"name\" class=\"mb-1\">Name:testFullName</p>\n  -   unexpected value \"Name:testFullName\"\n  -   locator resolved to <p id=\"name\" class=\"mb-1\">Name:testFullName</p>\n  -   unexpected value \"Name:testFullName\"",
        "trace": "Microsoft.Playwright.PlaywrightException: Locator expected to have text 'Name:testFullName1'\nBut was: 'Name:testFullName' \nCall log:\n  - LocatorAssertions.ToHaveTextAsync with timeout 5000ms\n  - waiting for Locator(\"#name\")\n  -   locator resolved to <p id=\"name\" class=\"mb-1\">Name:testFullName</p>\n  -   unexpected value \"Name:testFullName\"\n  -   locator resolved to <p id=\"name\" class=\"mb-1\">Name:testFullName</p>\n  -   unexpected value \"Name:testFullName\"\n  -   locator resolved to <p id=\"name\" class=\"mb-1\">Name:testFullName</p>\n  -   unexpected value \"Name:testFullName\"\n  -   locator resolved to <p id=\"name\" class=\"mb-1\">Name:testFullName</p>\n  -   unexpected value \"Name:testFullName\"\n  -   locator resolved to <p id=\"name\" class=\"mb-1\">Name:testFullName</p>\n  -   unexpected value \"Name:testFullName\"\n  -   locator resolved to <p id=\"name\" class=\"mb-1\">Name:testFullName</p>\n  -   unexpected value \"Name:testFullName\"\n  -   locator resolved to <p id=\"name\" class=\"mb-1\">Name:testFullName</p>\n  -   unexpected value \"Name:testFullName\"\n  -   locator resolved to <p id=\"name\" class=\"mb-1\">Name:testFullName</p>\n  -   unexpected value \"Name:testFullName\"\n  -   locator resolved to <p id=\"name\" class=\"mb-1\">Name:testFullName</p>\n  -   unexpected value \"Name:testFullName\"\r\n   at Microsoft.Playwright.Core.AssertionsBase.ExpectImplAsync(String expression, FrameExpectOptions expectOptions, Object expected, String message) in /_/src/Playwright/Core/AssertionsBase.cs:line 86\r\n   at Microsoft.Playwright.Core.AssertionsBase.ExpectImplAsync(String expression, ExpectedTextValue[] expectedText, Object expected, String message, FrameExpectOptions options) in /_/src/Playwright/Core/AssertionsBase.cs:line 64\r\n   at Microsoft.Playwright.Core.AssertionsBase.ExpectImplAsync(String expression, ExpectedTextValue textValue, Object expected, String message, FrameExpectOptions options) in /_/src/Playwright/Core/AssertionsBase.cs:line 56\r\n   at PlayWrightSpecFlow.Pages.TextBoxPage.VerifySubmitButtonClicked(String name) in C:\\Users\\kishor.sharma\\Source\\Repos\\PlayWrightSpecFlow\\Pages\\TextBoxPage.cs:line 31\r\n   at PlayWrightSpecFlow.StepDefinitions.TextBoxStepDefinitions.ThenFormShouldBeNotSubmitted() in C:\\Users\\kishor.sharma\\Source\\Repos\\PlayWrightSpecFlow\\StepDefinitions\\TextBoxStepDefinitions.cs:line 47\r\n   at TechTalk.SpecFlow.Bindings.SynchronousBindingDelegateInvoker.<>c__DisplayClass2_0.<<InvokeBindingDelegateAsync>b__0>d.MoveNext()\r\n--- End of stack trace from previous location ---\r\n   at TechTalk.SpecFlow.Bindings.AsyncHelpers.<>c__DisplayClass1_0`1.<<RunSync>b__0>d.MoveNext()\r\n--- End of stack trace from previous location ---\r\n   at TechTalk.SpecFlow.Bindings.AsyncHelpers.ExclusiveSynchronizationContext.BeginMessageLoop()\r\n   at TechTalk.SpecFlow.Bindings.AsyncHelpers.RunSync[T](Func`1 task)\r\n   at TechTalk.SpecFlow.Bindings.SynchronousBindingDelegateInvoker.InvokeBindingDelegateAsync(Delegate bindingDelegate, Object[] invokeArgs)\r\n   at TechTalk.SpecFlow.Bindings.SynchronousBindingDelegateInvoker.InvokeDelegateSynchronously(Delegate bindingDelegate, Object[] invokeArgs)\r\n   at TechTalk.SpecFlow.Bindings.BindingInvoker.InvokeBinding(IBinding binding, IContextManager contextManager, Object[] arguments, ITestTracer testTracer, TimeSpan& duration)\r\n   at Allure.SpecFlowPlugin.AllureBindingInvoker.InvokeBinding(IBinding binding, IContextManager contextManager, Object[] arguments, ITestTracer testTracer, TimeSpan& duration)\r\n   at TechTalk.SpecFlow.Infrastructure.TestExecutionEngine.ExecuteStepMatch(BindingMatch match, Object[] arguments, TimeSpan& duration)\r\n   at TechTalk.SpecFlow.Infrastructure.TestExecutionEngine.ExecuteStep(IContextManager contextManager, StepInstance stepInstance)"
      },
      "stage": "finished",
      "steps": [],
      "attachments": [],
      "parameters": [],
      "start": 1711000027774,
      "stop": 1711000032823
    }
  ],
  "attachments": [
    {
      "name": "TestScreenShot",
      "source": "064fe275-f00a-4cb3-a3dd-85dcf09a6c88-attachment.png",
      "type": "image/png"
    }
  ],
  "parameters": [],
  "start": 1711000019113,
  "stop": 1711000035210
}