{
  "uuid": "a9f417b7-d3e4-42ca-ad48-f3bed66ad71a",
  "historyId": "4eaa8144cda216aac64eccc687e9375e",
  "testCaseId": "04a6ad78c7d6b14c920cc512854dcce1",
  "fullName": "PlayWrightSpecFlow/Features/TextBox/TextBox Submit User Details (failing this scennario intentionally for testing purpose)",
  "labels": [
    {
      "name": "thread",
      "value": "17"
    },
    {
      "name": "host",
      "value": "vmAVD-H-P-13"
    },
    {
      "name": "language",
      "value": "C#"
    },
    {
      "name": "framework",
      "value": "SpecFlow"
    },
    {
      "name": "feature",
      "value": "TextBox"
    }
  ],
  "links": [],
  "name": "TextBox Submit User Details (failing this scennario intentionally for testing purpose)",
  "status": "failed",
  "statusDetails": {
    "known": false,
    "muted": false,
    "flaky": false,
    "message": "Locator expected to have text 'Name:testFullName1'\nBut was: 'Name:testFullName' \nCall log:\n  - LocatorAssertions.ToHaveTextAsync with timeout 5000ms\n  - waiting for Locator(\"#name\")\n  -   locator resolved to <p id=\"name\" class=\"mb-1\">Name:testFullName</p>\n  -   unexpected value \"Name:testFullName\"\n  -   locator resolved to <p id=\"name\" class=\"mb-1\">Name:testFullName</p>\n  -   unexpected value \"Name:testFullName\"\n  -   locator resolved to <p id=\"name\" class=\"mb-1\">Name:testFullName</p>\n  -   unexpected value \"Name:testFullName\"\n  -   locator resolved to <p id=\"name\" class=\"mb-1\">Name:testFullName</p>\n  -   unexpected value \"Name:testFullName\"\n  -   locator resolved to <p id=\"name\" class=\"mb-1\">Name:testFullName</p>\n  -   unexpected value \"Name:testFullName\"\n  -   locator resolved to <p id=\"name\" class=\"mb-1\">Name:testFullName</p>\n  -   unexpected value \"Name:testFullName\"\n  -   locator resolved to <p id=\"name\" class=\"mb-1\">Name:testFullName</p>\n  -   unexpected value \"Name:testFullName\"\n  -   locator resolved to <p id=\"name\" class=\"mb-1\">Name:testFullName</p>\n  -   unexpected value \"Name:testFullName\"",
    "trace": "Microsoft.Playwright.PlaywrightException: Locator expected to have text 'Name:testFullName1'\nBut was: 'Name:testFullName' \nCall log:\n  - LocatorAssertions.ToHaveTextAsync with timeout 5000ms\n  - waiting for Locator(\"#name\")\n  -   locator resolved to <p id=\"name\" class=\"mb-1\">Name:testFullName</p>\n  -   unexpected value \"Name:testFullName\"\n  -   locator resolved to <p id=\"name\" class=\"mb-1\">Name:testFullName</p>\n  -   unexpected value \"Name:testFullName\"\n  -   locator resolved to <p id=\"name\" class=\"mb-1\">Name:testFullName</p>\n  -   unexpected value \"Name:testFullName\"\n  -   locator resolved to <p id=\"name\" class=\"mb-1\">Name:testFullName</p>\n  -   unexpected value \"Name:testFullName\"\n  -   locator resolved to <p id=\"name\" class=\"mb-1\">Name:testFullName</p>\n  -   unexpected value \"Name:testFullName\"\n  -   locator resolved to <p id=\"name\" class=\"mb-1\">Name:testFullName</p>\n  -   unexpected value \"Name:testFullName\"\n  -   locator resolved to <p id=\"name\" class=\"mb-1\">Name:testFullName</p>\n  -   unexpected value \"Name:testFullName\"\n  -   locator resolved to <p id=\"name\" class=\"mb-1\">Name:testFullName</p>\n  -   unexpected value \"Name:testFullName\"\r\n   at Microsoft.Playwright.Core.AssertionsBase.ExpectImplAsync(String expression, FrameExpectOptions expectOptions, Object expected, String message) in /_/src/Playwright/Core/AssertionsBase.cs:line 86\r\n   at Microsoft.Playwright.Core.AssertionsBase.ExpectImplAsync(String expression, ExpectedTextValue[] expectedText, Object expected, String message, FrameExpectOptions options) in /_/src/Playwright/Core/AssertionsBase.cs:line 64\r\n   at Microsoft.Playwright.Core.AssertionsBase.ExpectImplAsync(String expression, ExpectedTextValue textValue, Object expected, String message, FrameExpectOptions options) in /_/src/Playwright/Core/AssertionsBase.cs:line 56\r\n   at PlayWrightSpecFlow.Pages.TextBoxPage.VerifySubmitButtonClicked(String name) in C:\\Users\\kishor.sharma\\Source\\Repos\\PlayWrightSpecFlow\\Pages\\TextBoxPage.cs:line 30\r\n   at PlayWrightSpecFlow.StepDefinitions.TextBoxStepDefinitions.ThenFormShouldBeNotSubmitted() in C:\\Users\\kishor.sharma\\Source\\Repos\\PlayWrightSpecFlow\\StepDefinitions\\TextBoxStepDefinitions.cs:line 47\r\n   at TechTalk.SpecFlow.Bindings.SynchronousBindingDelegateInvoker.<>c__DisplayClass2_0.<<InvokeBindingDelegateAsync>b__0>d.MoveNext()\r\n--- End of stack trace from previous location ---\r\n   at TechTalk.SpecFlow.Bindings.AsyncHelpers.<>c__DisplayClass1_0`1.<<RunSync>b__0>d.MoveNext()\r\n--- End of stack trace from previous location ---\r\n   at TechTalk.SpecFlow.Bindings.AsyncHelpers.ExclusiveSynchronizationContext.BeginMessageLoop()\r\n   at TechTalk.SpecFlow.Bindings.AsyncHelpers.RunSync[T](Func`1 task)\r\n   at TechTalk.SpecFlow.Bindings.SynchronousBindingDelegateInvoker.InvokeBindingDelegateAsync(Delegate bindingDelegate, Object[] invokeArgs)\r\n   at TechTalk.SpecFlow.Bindings.SynchronousBindingDelegateInvoker.InvokeDelegateSynchronously(Delegate bindingDelegate, Object[] invokeArgs)\r\n   at TechTalk.SpecFlow.Bindings.BindingInvoker.InvokeBinding(IBinding binding, IContextManager contextManager, Object[] arguments, ITestTracer testTracer, TimeSpan& duration)\r\n   at Allure.SpecFlowPlugin.AllureBindingInvoker.InvokeBinding(IBinding binding, IContextManager contextManager, Object[] arguments, ITestTracer testTracer, TimeSpan& duration)\r\n   at TechTalk.SpecFlow.Infrastructure.TestExecutionEngine.ExecuteStepMatch(BindingMatch match, Object[] arguments, TimeSpan& duration)\r\n   at TechTalk.SpecFlow.Infrastructure.TestExecutionEngine.ExecuteStep(IContextManager contextManager, StepInstance stepInstance)"
  },
  "stage": "finished",
  "steps": [
    {
      "name": "Given  I am on the TextBox page",
      "status": "passed",
      "statusDetails": {
        "known": false,
        "muted": false,
        "flaky": false
      },
      "stage": "finished",
      "steps": [],
      "attachments": [],
      "parameters": [],
      "start": 1710810666772,
      "stop": 1710810669809
    },
    {
      "name": "And  I enter valid detais",
      "status": "passed",
      "statusDetails": {
        "known": false,
        "muted": false,
        "flaky": false
      },
      "stage": "finished",
      "steps": [],
      "attachments": [],
      "parameters": [],
      "start": 1710810669829,
      "stop": 1710810672816
    },
    {
      "name": "When  I click Submit",
      "status": "passed",
      "statusDetails": {
        "known": false,
        "muted": false,
        "flaky": false
      },
      "stage": "finished",
      "steps": [],
      "attachments": [],
      "parameters": [],
      "start": 1710810672817,
      "stop": 1710810673519
    },
    {
      "name": "Then  form should be Not submitted",
      "status": "failed",
      "statusDetails": {
        "known": false,
        "muted": false,
        "flaky": false,
        "message": "Locator expected to have text 'Name:testFullName1'\nBut was: 'Name:testFullName' \nCall log:\n  - LocatorAssertions.ToHaveTextAsync with timeout 5000ms\n  - waiting for Locator(\"#name\")\n  -   locator resolved to <p id=\"name\" class=\"mb-1\">Name:testFullName</p>\n  -   unexpected value \"Name:testFullName\"\n  -   locator resolved to <p id=\"name\" class=\"mb-1\">Name:testFullName</p>\n  -   unexpected value \"Name:testFullName\"\n  -   locator resolved to <p id=\"name\" class=\"mb-1\">Name:testFullName</p>\n  -   unexpected value \"Name:testFullName\"\n  -   locator resolved to <p id=\"name\" class=\"mb-1\">Name:testFullName</p>\n  -   unexpected value \"Name:testFullName\"\n  -   locator resolved to <p id=\"name\" class=\"mb-1\">Name:testFullName</p>\n  -   unexpected value \"Name:testFullName\"\n  -   locator resolved to <p id=\"name\" class=\"mb-1\">Name:testFullName</p>\n  -   unexpected value \"Name:testFullName\"\n  -   locator resolved to <p id=\"name\" class=\"mb-1\">Name:testFullName</p>\n  -   unexpected value \"Name:testFullName\"\n  -   locator resolved to <p id=\"name\" class=\"mb-1\">Name:testFullName</p>\n  -   unexpected value \"Name:testFullName\"",
        "trace": "Microsoft.Playwright.PlaywrightException: Locator expected to have text 'Name:testFullName1'\nBut was: 'Name:testFullName' \nCall log:\n  - LocatorAssertions.ToHaveTextAsync with timeout 5000ms\n  - waiting for Locator(\"#name\")\n  -   locator resolved to <p id=\"name\" class=\"mb-1\">Name:testFullName</p>\n  -   unexpected value \"Name:testFullName\"\n  -   locator resolved to <p id=\"name\" class=\"mb-1\">Name:testFullName</p>\n  -   unexpected value \"Name:testFullName\"\n  -   locator resolved to <p id=\"name\" class=\"mb-1\">Name:testFullName</p>\n  -   unexpected value \"Name:testFullName\"\n  -   locator resolved to <p id=\"name\" class=\"mb-1\">Name:testFullName</p>\n  -   unexpected value \"Name:testFullName\"\n  -   locator resolved to <p id=\"name\" class=\"mb-1\">Name:testFullName</p>\n  -   unexpected value \"Name:testFullName\"\n  -   locator resolved to <p id=\"name\" class=\"mb-1\">Name:testFullName</p>\n  -   unexpected value \"Name:testFullName\"\n  -   locator resolved to <p id=\"name\" class=\"mb-1\">Name:testFullName</p>\n  -   unexpected value \"Name:testFullName\"\n  -   locator resolved to <p id=\"name\" class=\"mb-1\">Name:testFullName</p>\n  -   unexpected value \"Name:testFullName\"\r\n   at Microsoft.Playwright.Core.AssertionsBase.ExpectImplAsync(String expression, FrameExpectOptions expectOptions, Object expected, String message) in /_/src/Playwright/Core/AssertionsBase.cs:line 86\r\n   at Microsoft.Playwright.Core.AssertionsBase.ExpectImplAsync(String expression, ExpectedTextValue[] expectedText, Object expected, String message, FrameExpectOptions options) in /_/src/Playwright/Core/AssertionsBase.cs:line 64\r\n   at Microsoft.Playwright.Core.AssertionsBase.ExpectImplAsync(String expression, ExpectedTextValue textValue, Object expected, String message, FrameExpectOptions options) in /_/src/Playwright/Core/AssertionsBase.cs:line 56\r\n   at PlayWrightSpecFlow.Pages.TextBoxPage.VerifySubmitButtonClicked(String name) in C:\\Users\\kishor.sharma\\Source\\Repos\\PlayWrightSpecFlow\\Pages\\TextBoxPage.cs:line 30\r\n   at PlayWrightSpecFlow.StepDefinitions.TextBoxStepDefinitions.ThenFormShouldBeNotSubmitted() in C:\\Users\\kishor.sharma\\Source\\Repos\\PlayWrightSpecFlow\\StepDefinitions\\TextBoxStepDefinitions.cs:line 47\r\n   at TechTalk.SpecFlow.Bindings.SynchronousBindingDelegateInvoker.<>c__DisplayClass2_0.<<InvokeBindingDelegateAsync>b__0>d.MoveNext()\r\n--- End of stack trace from previous location ---\r\n   at TechTalk.SpecFlow.Bindings.AsyncHelpers.<>c__DisplayClass1_0`1.<<RunSync>b__0>d.MoveNext()\r\n--- End of stack trace from previous location ---\r\n   at TechTalk.SpecFlow.Bindings.AsyncHelpers.ExclusiveSynchronizationContext.BeginMessageLoop()\r\n   at TechTalk.SpecFlow.Bindings.AsyncHelpers.RunSync[T](Func`1 task)\r\n   at TechTalk.SpecFlow.Bindings.SynchronousBindingDelegateInvoker.InvokeBindingDelegateAsync(Delegate bindingDelegate, Object[] invokeArgs)\r\n   at TechTalk.SpecFlow.Bindings.SynchronousBindingDelegateInvoker.InvokeDelegateSynchronously(Delegate bindingDelegate, Object[] invokeArgs)\r\n   at TechTalk.SpecFlow.Bindings.BindingInvoker.InvokeBinding(IBinding binding, IContextManager contextManager, Object[] arguments, ITestTracer testTracer, TimeSpan& duration)\r\n   at Allure.SpecFlowPlugin.AllureBindingInvoker.InvokeBinding(IBinding binding, IContextManager contextManager, Object[] arguments, ITestTracer testTracer, TimeSpan& duration)\r\n   at TechTalk.SpecFlow.Infrastructure.TestExecutionEngine.ExecuteStepMatch(BindingMatch match, Object[] arguments, TimeSpan& duration)\r\n   at TechTalk.SpecFlow.Infrastructure.TestExecutionEngine.ExecuteStep(IContextManager contextManager, StepInstance stepInstance)"
      },
      "stage": "finished",
      "steps": [],
      "attachments": [],
      "parameters": [],
      "start": 1710810673519,
      "stop": 1710810679279
    }
  ],
  "attachments": [],
  "parameters": [],
  "start": 1710810666734,
  "stop": 1710810702392
}