{"uid":"779bffd1e6a9bbc","name":"a TextBox Submit User Details (failing this scennario intentionally for testing purpose)","fullName":"PlayWrightSpecFlow/Features/TextBox/a TextBox Submit User Details (failing this scennario intentionally for testing purpose)","historyId":"a8f66a240ab2aa5931f22beb250d0bef","time":{"start":1710998349967,"stop":1710998375164,"duration":25197},"status":"failed","statusMessage":"Locator expected to have text 'Name:testFullName1'\nBut was: 'Name:testFullName' \nCall log:\n  - LocatorAssertions.ToHaveTextAsync with timeout 5000ms\n  - waiting for Locator(\"#name\")\n  -   locator resolved to <p id=\"name\" class=\"mb-1\">Name:testFullName</p>\n  -   unexpected value \"Name:testFullName\"\n  -   locator resolved to <p id=\"name\" class=\"mb-1\">Name:testFullName</p>\n  -   unexpected value \"Name:testFullName\"\n  -   locator resolved to <p id=\"name\" class=\"mb-1\">Name:testFullName</p>\n  -   unexpected value \"Name:testFullName\"\n  -   locator resolved to <p id=\"name\" class=\"mb-1\">Name:testFullName</p>\n  -   unexpected value \"Name:testFullName\"\n  -   locator resolved to <p id=\"name\" class=\"mb-1\">Name:testFullName</p>\n  -   unexpected value \"Name:testFullName\"\n  -   locator resolved to <p id=\"name\" class=\"mb-1\">Name:testFullName</p>\n  -   unexpected value \"Name:testFullName\"\n  -   locator resolved to <p id=\"name\" class=\"mb-1\">Name:testFullName</p>\n  -   unexpected value \"Name:testFullName\"\n  -   locator resolved to <p id=\"name\" class=\"mb-1\">Name:testFullName</p>\n  -   unexpected value \"Name:testFullName\"","statusTrace":"Microsoft.Playwright.PlaywrightException: Locator expected to have text 'Name:testFullName1'\nBut was: 'Name:testFullName' \nCall log:\n  - LocatorAssertions.ToHaveTextAsync with timeout 5000ms\n  - waiting for Locator(\"#name\")\n  -   locator resolved to <p id=\"name\" class=\"mb-1\">Name:testFullName</p>\n  -   unexpected value \"Name:testFullName\"\n  -   locator resolved to <p id=\"name\" class=\"mb-1\">Name:testFullName</p>\n  -   unexpected value \"Name:testFullName\"\n  -   locator resolved to <p id=\"name\" class=\"mb-1\">Name:testFullName</p>\n  -   unexpected value \"Name:testFullName\"\n  -   locator resolved to <p id=\"name\" class=\"mb-1\">Name:testFullName</p>\n  -   unexpected value \"Name:testFullName\"\n  -   locator resolved to <p id=\"name\" class=\"mb-1\">Name:testFullName</p>\n  -   unexpected value \"Name:testFullName\"\n  -   locator resolved to <p id=\"name\" class=\"mb-1\">Name:testFullName</p>\n  -   unexpected value \"Name:testFullName\"\n  -   locator resolved to <p id=\"name\" class=\"mb-1\">Name:testFullName</p>\n  -   unexpected value \"Name:testFullName\"\n  -   locator resolved to <p id=\"name\" class=\"mb-1\">Name:testFullName</p>\n  -   unexpected value \"Name:testFullName\"\r\n   at Microsoft.Playwright.Core.AssertionsBase.ExpectImplAsync(String expression, FrameExpectOptions expectOptions, Object expected, String message) in /_/src/Playwright/Core/AssertionsBase.cs:line 86\r\n   at Microsoft.Playwright.Core.AssertionsBase.ExpectImplAsync(String expression, ExpectedTextValue[] expectedText, Object expected, String message, FrameExpectOptions options) in /_/src/Playwright/Core/AssertionsBase.cs:line 64\r\n   at Microsoft.Playwright.Core.AssertionsBase.ExpectImplAsync(String expression, ExpectedTextValue textValue, Object expected, String message, FrameExpectOptions options) in /_/src/Playwright/Core/AssertionsBase.cs:line 56\r\n   at PlayWrightSpecFlow.Pages.TextBoxPage.VerifySubmitButtonClicked(String name) in C:\\Users\\kishor.sharma\\Source\\Repos\\PlayWrightSpecFlow\\Pages\\TextBoxPage.cs:line 31\r\n   at PlayWrightSpecFlow.StepDefinitions.TextBoxStepDefinitions.ThenFormShouldBeNotSubmitted() in C:\\Users\\kishor.sharma\\Source\\Repos\\PlayWrightSpecFlow\\StepDefinitions\\TextBoxStepDefinitions.cs:line 47\r\n   at TechTalk.SpecFlow.Bindings.SynchronousBindingDelegateInvoker.<>c__DisplayClass2_0.<<InvokeBindingDelegateAsync>b__0>d.MoveNext()\r\n--- End of stack trace from previous location ---\r\n   at TechTalk.SpecFlow.Bindings.AsyncHelpers.<>c__DisplayClass1_0`1.<<RunSync>b__0>d.MoveNext()\r\n--- End of stack trace from previous location ---\r\n   at TechTalk.SpecFlow.Bindings.AsyncHelpers.ExclusiveSynchronizationContext.BeginMessageLoop()\r\n   at TechTalk.SpecFlow.Bindings.AsyncHelpers.RunSync[T](Func`1 task)\r\n   at TechTalk.SpecFlow.Bindings.SynchronousBindingDelegateInvoker.InvokeBindingDelegateAsync(Delegate bindingDelegate, Object[] invokeArgs)\r\n   at TechTalk.SpecFlow.Bindings.SynchronousBindingDelegateInvoker.InvokeDelegateSynchronously(Delegate bindingDelegate, Object[] invokeArgs)\r\n   at TechTalk.SpecFlow.Bindings.BindingInvoker.InvokeBinding(IBinding binding, IContextManager contextManager, Object[] arguments, ITestTracer testTracer, TimeSpan& duration)\r\n   at Allure.SpecFlowPlugin.AllureBindingInvoker.InvokeBinding(IBinding binding, IContextManager contextManager, Object[] arguments, ITestTracer testTracer, TimeSpan& duration)\r\n   at TechTalk.SpecFlow.Infrastructure.TestExecutionEngine.ExecuteStepMatch(BindingMatch match, Object[] arguments, TimeSpan& duration)\r\n   at TechTalk.SpecFlow.Infrastructure.TestExecutionEngine.ExecuteStep(IContextManager contextManager, StepInstance stepInstance)","flaky":false,"newFailed":false,"newBroken":false,"newPassed":false,"retriesCount":0,"retriesStatusChange":false,"beforeStages":[],"testStage":{"status":"failed","statusMessage":"Locator expected to have text 'Name:testFullName1'\nBut was: 'Name:testFullName' \nCall log:\n  - LocatorAssertions.ToHaveTextAsync with timeout 5000ms\n  - waiting for Locator(\"#name\")\n  -   locator resolved to <p id=\"name\" class=\"mb-1\">Name:testFullName</p>\n  -   unexpected value \"Name:testFullName\"\n  -   locator resolved to <p id=\"name\" class=\"mb-1\">Name:testFullName</p>\n  -   unexpected value \"Name:testFullName\"\n  -   locator resolved to <p id=\"name\" class=\"mb-1\">Name:testFullName</p>\n  -   unexpected value \"Name:testFullName\"\n  -   locator resolved to <p id=\"name\" class=\"mb-1\">Name:testFullName</p>\n  -   unexpected value \"Name:testFullName\"\n  -   locator resolved to <p id=\"name\" class=\"mb-1\">Name:testFullName</p>\n  -   unexpected value \"Name:testFullName\"\n  -   locator resolved to <p id=\"name\" class=\"mb-1\">Name:testFullName</p>\n  -   unexpected value \"Name:testFullName\"\n  -   locator resolved to <p id=\"name\" class=\"mb-1\">Name:testFullName</p>\n  -   unexpected value \"Name:testFullName\"\n  -   locator resolved to <p id=\"name\" class=\"mb-1\">Name:testFullName</p>\n  -   unexpected value \"Name:testFullName\"","statusTrace":"Microsoft.Playwright.PlaywrightException: Locator expected to have text 'Name:testFullName1'\nBut was: 'Name:testFullName' \nCall log:\n  - LocatorAssertions.ToHaveTextAsync with timeout 5000ms\n  - waiting for Locator(\"#name\")\n  -   locator resolved to <p id=\"name\" class=\"mb-1\">Name:testFullName</p>\n  -   unexpected value \"Name:testFullName\"\n  -   locator resolved to <p id=\"name\" class=\"mb-1\">Name:testFullName</p>\n  -   unexpected value \"Name:testFullName\"\n  -   locator resolved to <p id=\"name\" class=\"mb-1\">Name:testFullName</p>\n  -   unexpected value \"Name:testFullName\"\n  -   locator resolved to <p id=\"name\" class=\"mb-1\">Name:testFullName</p>\n  -   unexpected value \"Name:testFullName\"\n  -   locator resolved to <p id=\"name\" class=\"mb-1\">Name:testFullName</p>\n  -   unexpected value \"Name:testFullName\"\n  -   locator resolved to <p id=\"name\" class=\"mb-1\">Name:testFullName</p>\n  -   unexpected value \"Name:testFullName\"\n  -   locator resolved to <p id=\"name\" class=\"mb-1\">Name:testFullName</p>\n  -   unexpected value \"Name:testFullName\"\n  -   locator resolved to <p id=\"name\" class=\"mb-1\">Name:testFullName</p>\n  -   unexpected value \"Name:testFullName\"\r\n   at Microsoft.Playwright.Core.AssertionsBase.ExpectImplAsync(String expression, FrameExpectOptions expectOptions, Object expected, String message) in /_/src/Playwright/Core/AssertionsBase.cs:line 86\r\n   at Microsoft.Playwright.Core.AssertionsBase.ExpectImplAsync(String expression, ExpectedTextValue[] expectedText, Object expected, String message, FrameExpectOptions options) in /_/src/Playwright/Core/AssertionsBase.cs:line 64\r\n   at Microsoft.Playwright.Core.AssertionsBase.ExpectImplAsync(String expression, ExpectedTextValue textValue, Object expected, String message, FrameExpectOptions options) in /_/src/Playwright/Core/AssertionsBase.cs:line 56\r\n   at PlayWrightSpecFlow.Pages.TextBoxPage.VerifySubmitButtonClicked(String name) in C:\\Users\\kishor.sharma\\Source\\Repos\\PlayWrightSpecFlow\\Pages\\TextBoxPage.cs:line 31\r\n   at PlayWrightSpecFlow.StepDefinitions.TextBoxStepDefinitions.ThenFormShouldBeNotSubmitted() in C:\\Users\\kishor.sharma\\Source\\Repos\\PlayWrightSpecFlow\\StepDefinitions\\TextBoxStepDefinitions.cs:line 47\r\n   at TechTalk.SpecFlow.Bindings.SynchronousBindingDelegateInvoker.<>c__DisplayClass2_0.<<InvokeBindingDelegateAsync>b__0>d.MoveNext()\r\n--- End of stack trace from previous location ---\r\n   at TechTalk.SpecFlow.Bindings.AsyncHelpers.<>c__DisplayClass1_0`1.<<RunSync>b__0>d.MoveNext()\r\n--- End of stack trace from previous location ---\r\n   at TechTalk.SpecFlow.Bindings.AsyncHelpers.ExclusiveSynchronizationContext.BeginMessageLoop()\r\n   at TechTalk.SpecFlow.Bindings.AsyncHelpers.RunSync[T](Func`1 task)\r\n   at TechTalk.SpecFlow.Bindings.SynchronousBindingDelegateInvoker.InvokeBindingDelegateAsync(Delegate bindingDelegate, Object[] invokeArgs)\r\n   at TechTalk.SpecFlow.Bindings.SynchronousBindingDelegateInvoker.InvokeDelegateSynchronously(Delegate bindingDelegate, Object[] invokeArgs)\r\n   at TechTalk.SpecFlow.Bindings.BindingInvoker.InvokeBinding(IBinding binding, IContextManager contextManager, Object[] arguments, ITestTracer testTracer, TimeSpan& duration)\r\n   at Allure.SpecFlowPlugin.AllureBindingInvoker.InvokeBinding(IBinding binding, IContextManager contextManager, Object[] arguments, ITestTracer testTracer, TimeSpan& duration)\r\n   at TechTalk.SpecFlow.Infrastructure.TestExecutionEngine.ExecuteStepMatch(BindingMatch match, Object[] arguments, TimeSpan& duration)\r\n   at TechTalk.SpecFlow.Infrastructure.TestExecutionEngine.ExecuteStep(IContextManager contextManager, StepInstance stepInstance)","steps":[{"name":"Given  I am on the TextBox page","time":{"start":1710998349986,"stop":1710998357798,"duration":7812},"status":"passed","steps":[],"attachments":[],"parameters":[],"stepsCount":0,"hasContent":false,"attachmentStep":false,"shouldDisplayMessage":false,"attachmentsCount":0},{"name":"And  I enter valid detais","time":{"start":1710998357811,"stop":1710998363887,"duration":6076},"status":"passed","steps":[],"attachments":[],"parameters":[],"stepsCount":0,"hasContent":false,"attachmentStep":false,"shouldDisplayMessage":false,"attachmentsCount":0},{"name":"When  I click Submit","time":{"start":1710998363890,"stop":1710998364032,"duration":142},"status":"passed","steps":[],"attachments":[],"parameters":[],"stepsCount":0,"hasContent":false,"attachmentStep":false,"shouldDisplayMessage":false,"attachmentsCount":0},{"name":"Then  form should be Not submitted","time":{"start":1710998364034,"stop":1710998369268,"duration":5234},"status":"failed","statusMessage":"Locator expected to have text 'Name:testFullName1'\nBut was: 'Name:testFullName' \nCall log:\n  - LocatorAssertions.ToHaveTextAsync with timeout 5000ms\n  - waiting for Locator(\"#name\")\n  -   locator resolved to <p id=\"name\" class=\"mb-1\">Name:testFullName</p>\n  -   unexpected value \"Name:testFullName\"\n  -   locator resolved to <p id=\"name\" class=\"mb-1\">Name:testFullName</p>\n  -   unexpected value \"Name:testFullName\"\n  -   locator resolved to <p id=\"name\" class=\"mb-1\">Name:testFullName</p>\n  -   unexpected value \"Name:testFullName\"\n  -   locator resolved to <p id=\"name\" class=\"mb-1\">Name:testFullName</p>\n  -   unexpected value \"Name:testFullName\"\n  -   locator resolved to <p id=\"name\" class=\"mb-1\">Name:testFullName</p>\n  -   unexpected value \"Name:testFullName\"\n  -   locator resolved to <p id=\"name\" class=\"mb-1\">Name:testFullName</p>\n  -   unexpected value \"Name:testFullName\"\n  -   locator resolved to <p id=\"name\" class=\"mb-1\">Name:testFullName</p>\n  -   unexpected value \"Name:testFullName\"\n  -   locator resolved to <p id=\"name\" class=\"mb-1\">Name:testFullName</p>\n  -   unexpected value \"Name:testFullName\"","statusTrace":"Microsoft.Playwright.PlaywrightException: Locator expected to have text 'Name:testFullName1'\nBut was: 'Name:testFullName' \nCall log:\n  - LocatorAssertions.ToHaveTextAsync with timeout 5000ms\n  - waiting for Locator(\"#name\")\n  -   locator resolved to <p id=\"name\" class=\"mb-1\">Name:testFullName</p>\n  -   unexpected value \"Name:testFullName\"\n  -   locator resolved to <p id=\"name\" class=\"mb-1\">Name:testFullName</p>\n  -   unexpected value \"Name:testFullName\"\n  -   locator resolved to <p id=\"name\" class=\"mb-1\">Name:testFullName</p>\n  -   unexpected value \"Name:testFullName\"\n  -   locator resolved to <p id=\"name\" class=\"mb-1\">Name:testFullName</p>\n  -   unexpected value \"Name:testFullName\"\n  -   locator resolved to <p id=\"name\" class=\"mb-1\">Name:testFullName</p>\n  -   unexpected value \"Name:testFullName\"\n  -   locator resolved to <p id=\"name\" class=\"mb-1\">Name:testFullName</p>\n  -   unexpected value \"Name:testFullName\"\n  -   locator resolved to <p id=\"name\" class=\"mb-1\">Name:testFullName</p>\n  -   unexpected value \"Name:testFullName\"\n  -   locator resolved to <p id=\"name\" class=\"mb-1\">Name:testFullName</p>\n  -   unexpected value \"Name:testFullName\"\r\n   at Microsoft.Playwright.Core.AssertionsBase.ExpectImplAsync(String expression, FrameExpectOptions expectOptions, Object expected, String message) in /_/src/Playwright/Core/AssertionsBase.cs:line 86\r\n   at Microsoft.Playwright.Core.AssertionsBase.ExpectImplAsync(String expression, ExpectedTextValue[] expectedText, Object expected, String message, FrameExpectOptions options) in /_/src/Playwright/Core/AssertionsBase.cs:line 64\r\n   at Microsoft.Playwright.Core.AssertionsBase.ExpectImplAsync(String expression, ExpectedTextValue textValue, Object expected, String message, FrameExpectOptions options) in /_/src/Playwright/Core/AssertionsBase.cs:line 56\r\n   at PlayWrightSpecFlow.Pages.TextBoxPage.VerifySubmitButtonClicked(String name) in C:\\Users\\kishor.sharma\\Source\\Repos\\PlayWrightSpecFlow\\Pages\\TextBoxPage.cs:line 31\r\n   at PlayWrightSpecFlow.StepDefinitions.TextBoxStepDefinitions.ThenFormShouldBeNotSubmitted() in C:\\Users\\kishor.sharma\\Source\\Repos\\PlayWrightSpecFlow\\StepDefinitions\\TextBoxStepDefinitions.cs:line 47\r\n   at TechTalk.SpecFlow.Bindings.SynchronousBindingDelegateInvoker.<>c__DisplayClass2_0.<<InvokeBindingDelegateAsync>b__0>d.MoveNext()\r\n--- End of stack trace from previous location ---\r\n   at TechTalk.SpecFlow.Bindings.AsyncHelpers.<>c__DisplayClass1_0`1.<<RunSync>b__0>d.MoveNext()\r\n--- End of stack trace from previous location ---\r\n   at TechTalk.SpecFlow.Bindings.AsyncHelpers.ExclusiveSynchronizationContext.BeginMessageLoop()\r\n   at TechTalk.SpecFlow.Bindings.AsyncHelpers.RunSync[T](Func`1 task)\r\n   at TechTalk.SpecFlow.Bindings.SynchronousBindingDelegateInvoker.InvokeBindingDelegateAsync(Delegate bindingDelegate, Object[] invokeArgs)\r\n   at TechTalk.SpecFlow.Bindings.SynchronousBindingDelegateInvoker.InvokeDelegateSynchronously(Delegate bindingDelegate, Object[] invokeArgs)\r\n   at TechTalk.SpecFlow.Bindings.BindingInvoker.InvokeBinding(IBinding binding, IContextManager contextManager, Object[] arguments, ITestTracer testTracer, TimeSpan& duration)\r\n   at Allure.SpecFlowPlugin.AllureBindingInvoker.InvokeBinding(IBinding binding, IContextManager contextManager, Object[] arguments, ITestTracer testTracer, TimeSpan& duration)\r\n   at TechTalk.SpecFlow.Infrastructure.TestExecutionEngine.ExecuteStepMatch(BindingMatch match, Object[] arguments, TimeSpan& duration)\r\n   at TechTalk.SpecFlow.Infrastructure.TestExecutionEngine.ExecuteStep(IContextManager contextManager, StepInstance stepInstance)","steps":[],"attachments":[],"parameters":[],"stepsCount":0,"hasContent":true,"attachmentStep":false,"shouldDisplayMessage":true,"attachmentsCount":0}],"attachments":[{"uid":"9a84222d120e026e","name":"TestScreenShot","source":"9a84222d120e026e.png","type":"image/png","size":291879}],"parameters":[],"stepsCount":4,"hasContent":true,"attachmentStep":false,"shouldDisplayMessage":false,"attachmentsCount":1},"afterStages":[],"labels":[{"name":"thread","value":"ParallelWorker#4"},{"name":"host","value":"vmAVD-H-P-13"},{"name":"language","value":"C#"},{"name":"framework","value":"SpecFlow"},{"name":"feature","value":"TextBox"},{"name":"resultFormat","value":"allure2"}],"parameters":[],"links":[],"hidden":false,"retry":false,"extra":{"severity":"normal","retries":[],"categories":[{"name":"Product defects","matchedStatuses":[],"flaky":false}],"tags":[]},"source":"779bffd1e6a9bbc.json","parameterValues":[]}